<?xml version="1.0" encoding="UTF-8"?>
<testsuite xmlns:xsi="http://www.w3.org/2001/XMLSchema-instance" xsi:noNamespaceSchemaLocation="https://maven.apache.org/surefire/maven-surefire-plugin/xsd/surefire-test-report.xsd" version="3.0.2" name="bgu.spl.MessageBusImplTest" time="0.178" tests="7" errors="0" skipped="0" failures="1">
  <properties>
    <property name="java.specification.version" value="17"/>
    <property name="sun.cpu.isalist" value="amd64"/>
    <property name="sun.jnu.encoding" value="Cp1252"/>
    <property name="java.class.path" value="C:\Users\shake\OneDrive\Desktop\תואר\שנה ב\סמסטר ג\תכנות מערכות\BGURock\target\test-classes;C:\Users\shake\OneDrive\Desktop\תואר\שנה ב\סמסטר ג\תכנות מערכות\BGURock\target\classes;C:\Users\shake\.m2\repository\com\google\code\gson\gson\2.11.0\gson-2.11.0.jar;C:\Users\shake\.m2\repository\com\google\errorprone\error_prone_annotations\2.27.0\error_prone_annotations-2.27.0.jar;C:\Users\shake\.m2\repository\org\junit\jupiter\junit-jupiter-api\5.11.4\junit-jupiter-api-5.11.4.jar;C:\Users\shake\.m2\repository\org\opentest4j\opentest4j\1.3.0\opentest4j-1.3.0.jar;C:\Users\shake\.m2\repository\org\junit\platform\junit-platform-commons\1.11.4\junit-platform-commons-1.11.4.jar;C:\Users\shake\.m2\repository\org\apiguardian\apiguardian-api\1.1.2\apiguardian-api-1.1.2.jar;C:\Users\shake\.m2\repository\org\junit\jupiter\junit-jupiter-engine\5.11.4\junit-jupiter-engine-5.11.4.jar;C:\Users\shake\.m2\repository\org\junit\platform\junit-platform-engine\1.11.4\junit-platform-engine-1.11.4.jar;"/>
    <property name="java.vm.vendor" value="Oracle Corporation"/>
    <property name="sun.arch.data.model" value="64"/>
    <property name="user.variant" value=""/>
    <property name="java.vendor.url" value="https://java.oracle.com/"/>
    <property name="user.timezone" value="Asia/Jerusalem"/>
    <property name="user.country.format" value="IL"/>
    <property name="os.name" value="Windows 11"/>
    <property name="java.vm.specification.version" value="17"/>
    <property name="sun.java.launcher" value="SUN_STANDARD"/>
    <property name="user.country" value="US"/>
    <property name="sun.boot.library.path" value="C:\Program Files\Java\jdk-17\bin"/>
    <property name="sun.java.command" value="C:\Users\shake\AppData\Local\Temp\surefire5434666838931568120\surefirebooter-20250101172200866_3.jar C:\Users\shake\AppData\Local\Temp\surefire5434666838931568120 2025-01-01T17-22-00_747-jvmRun1 surefire-20250101172200866_1tmp surefire_0-20250101172200866_2tmp"/>
    <property name="jdk.debug" value="release"/>
    <property name="surefire.test.class.path" value="C:\Users\shake\OneDrive\Desktop\תואר\שנה ב\סמסטר ג\תכנות מערכות\BGURock\target\test-classes;C:\Users\shake\OneDrive\Desktop\תואר\שנה ב\סמסטר ג\תכנות מערכות\BGURock\target\classes;C:\Users\shake\.m2\repository\com\google\code\gson\gson\2.11.0\gson-2.11.0.jar;C:\Users\shake\.m2\repository\com\google\errorprone\error_prone_annotations\2.27.0\error_prone_annotations-2.27.0.jar;C:\Users\shake\.m2\repository\org\junit\jupiter\junit-jupiter-api\5.11.4\junit-jupiter-api-5.11.4.jar;C:\Users\shake\.m2\repository\org\opentest4j\opentest4j\1.3.0\opentest4j-1.3.0.jar;C:\Users\shake\.m2\repository\org\junit\platform\junit-platform-commons\1.11.4\junit-platform-commons-1.11.4.jar;C:\Users\shake\.m2\repository\org\apiguardian\apiguardian-api\1.1.2\apiguardian-api-1.1.2.jar;C:\Users\shake\.m2\repository\org\junit\jupiter\junit-jupiter-engine\5.11.4\junit-jupiter-engine-5.11.4.jar;C:\Users\shake\.m2\repository\org\junit\platform\junit-platform-engine\1.11.4\junit-platform-engine-1.11.4.jar;"/>
    <property name="sun.cpu.endian" value="little"/>
    <property name="user.home" value="C:\Users\shake"/>
    <property name="user.language" value="en"/>
    <property name="java.specification.vendor" value="Oracle Corporation"/>
    <property name="java.version.date" value="2023-10-17"/>
    <property name="java.home" value="C:\Program Files\Java\jdk-17"/>
    <property name="file.separator" value="\"/>
    <property name="basedir" value="C:\Users\shake\OneDrive\Desktop\תואר\שנה ב\סמסטר ג\תכנות מערכות\BGURock"/>
    <property name="java.vm.compressedOopsMode" value="Zero based"/>
    <property name="line.separator" value="&#10;"/>
    <property name="java.vm.specification.vendor" value="Oracle Corporation"/>
    <property name="java.specification.name" value="Java Platform API Specification"/>
    <property name="surefire.real.class.path" value="C:\Users\shake\AppData\Local\Temp\surefire5434666838931568120\surefirebooter-20250101172200866_3.jar"/>
    <property name="user.script" value=""/>
    <property name="sun.management.compiler" value="HotSpot 64-Bit Tiered Compilers"/>
    <property name="java.runtime.version" value="17.0.9+11-LTS-201"/>
    <property name="user.name" value="shake"/>
    <property name="path.separator" value=";"/>
    <property name="os.version" value="10.0"/>
    <property name="java.runtime.name" value="Java(TM) SE Runtime Environment"/>
    <property name="file.encoding" value="Cp1252"/>
    <property name="java.vm.name" value="Java HotSpot(TM) 64-Bit Server VM"/>
    <property name="localRepository" value="C:\Users\shake\.m2\repository"/>
    <property name="java.vendor.url.bug" value="https://bugreport.java.com/bugreport/"/>
    <property name="java.io.tmpdir" value="C:\Users\shake\AppData\Local\Temp\"/>
    <property name="java.version" value="17.0.9"/>
    <property name="user.dir" value="C:\Users\shake\OneDrive\Desktop\תואר\שנה ב\סמסטר ג\תכנות מערכות\BGURock"/>
    <property name="os.arch" value="amd64"/>
    <property name="java.vm.specification.name" value="Java Virtual Machine Specification"/>
    <property name="sun.os.patch.level" value=""/>
    <property name="native.encoding" value="Cp1252"/>
    <property name="java.library.path" value="C:\Program Files\Java\jdk-17\bin;C:\Windows\Sun\Java\bin;C:\Windows\system32;C:\Windows;C:\Program Files\Common Files\Oracle\Java\javapath;C:\Windows\system32;C:\Windows;C:\Windows\System32\Wbem;C:\Windows\System32\WindowsPowerShell\v1.0\;C:\Windows\System32\OpenSSH\;C:\Program Files\Docker\Docker\resources\bin;C:\Program Files\Git\cmd;C:\Users\shake\Downloads\apache-maven-3.9.9\bin;C:\Users\shake\AppData\Local\Microsoft\WindowsApps;C:\Users\shake\AppData\Local\Programs\Microsoft VS Code\bin;."/>
    <property name="java.vm.info" value="mixed mode, sharing"/>
    <property name="java.vendor" value="Oracle Corporation"/>
    <property name="java.vm.version" value="17.0.9+11-LTS-201"/>
    <property name="sun.io.unicode.encoding" value="UnicodeLittle"/>
    <property name="java.class.version" value="61.0"/>
  </properties>
  <testcase name="testAwaitMessageBlocking" classname="bgu.spl.MessageBusImplTest" time="0.152">
    <system-err><![CDATA[Jan 01, 2025 5:22:01 PM bgu.spl.MessageBusImplTest setUp
INFO: Setting up MessageBus and registering testMicroService
Jan 01, 2025 5:22:01 PM bgu.spl.MessageBusImplTest testAwaitMessageBlocking
INFO: Testing awaitMessage blocking behavior
Jan 01, 2025 5:22:01 PM bgu.spl.MessageBusImplTest lambda$testAwaitMessageBlocking$0
INFO: Thread waiting on awaitMessage
Jan 01, 2025 5:22:01 PM bgu.spl.MessageBusImplTest testAwaitMessageBlocking
INFO: Verified thread is blocked
Jan 01, 2025 5:22:01 PM bgu.spl.MessageBusImplTest testAwaitMessageBlocking
INFO: Sent event to unblock thread
Jan 01, 2025 5:22:01 PM bgu.spl.MessageBusImplTest lambda$testAwaitMessageBlocking$0
INFO: Thread unblocked after receiving message
Jan 01, 2025 5:22:01 PM bgu.spl.MessageBusImplTest testAwaitMessageBlocking
INFO: Thread successfully unblocked
Jan 01, 2025 5:22:01 PM bgu.spl.MessageBusImplTest tearDown
INFO: Tearing down testMicroService
]]></system-err>
  </testcase>
  <testcase name="testUnregisterRemovesAllReferences" classname="bgu.spl.MessageBusImplTest" time="0.003">
    <failure message="Expected java.lang.IllegalStateException to be thrown, but nothing was thrown." type="org.opentest4j.AssertionFailedError"><![CDATA[org.opentest4j.AssertionFailedError: Expected java.lang.IllegalStateException to be thrown, but nothing was thrown.
	at org.junit.jupiter.api.AssertionFailureBuilder.build(AssertionFailureBuilder.java:152)
	at org.junit.jupiter.api.AssertThrows.assertThrows(AssertThrows.java:73)
	at org.junit.jupiter.api.AssertThrows.assertThrows(AssertThrows.java:35)
	at org.junit.jupiter.api.Assertions.assertThrows(Assertions.java:3128)
	at bgu.spl.MessageBusImplTest.testUnregisterRemovesAllReferences(MessageBusImplTest.java:174)
	at java.base/java.lang.reflect.Method.invoke(Method.java:568)
	at java.base/java.util.ArrayList.forEach(ArrayList.java:1511)
	at java.base/java.util.ArrayList.forEach(ArrayList.java:1511)
]]></failure>
    <system-err><![CDATA[Jan 01, 2025 5:22:01 PM bgu.spl.MessageBusImplTest setUp
INFO: Setting up MessageBus and registering testMicroService
Jan 01, 2025 5:22:01 PM bgu.spl.MessageBusImplTest testUnregisterRemovesAllReferences
INFO: Testing unregister removes all references
Jan 01, 2025 5:22:01 PM bgu.spl.MessageBusImplTest tearDown
INFO: Tearing down testMicroService
]]></system-err>
  </testcase>
  <testcase name="testSendBroadcast" classname="bgu.spl.MessageBusImplTest" time="0.007">
    <system-err><![CDATA[Jan 01, 2025 5:22:01 PM bgu.spl.MessageBusImplTest setUp
INFO: Setting up MessageBus and registering testMicroService
Jan 01, 2025 5:22:01 PM bgu.spl.MessageBusImplTest testSendBroadcast
INFO: Testing sendBroadcast functionality
Jan 01, 2025 5:22:01 PM bgu.spl.MessageBusImplTest testSendBroadcast
INFO: Received broadcast: bgu.spl.MessageBusImplTest$1TestBroadcast@3857f613
Jan 01, 2025 5:22:01 PM bgu.spl.MessageBusImplTest tearDown
INFO: Tearing down testMicroService
]]></system-err>
  </testcase>
  <testcase name="testRegisterAndAwaitMessage" classname="bgu.spl.MessageBusImplTest" time="0.001">
    <system-err><![CDATA[Jan 01, 2025 5:22:01 PM bgu.spl.MessageBusImplTest setUp
INFO: Setting up MessageBus and registering testMicroService
Jan 01, 2025 5:22:01 PM bgu.spl.MessageBusImplTest testRegisterAndAwaitMessage
INFO: Testing register and awaitMessage functionality
Jan 01, 2025 5:22:01 PM bgu.spl.MessageBusImplTest testRegisterAndAwaitMessage
INFO: Received message: bgu.spl.MessageBusImplTest$1TestEvent@3c9754d8
Jan 01, 2025 5:22:01 PM bgu.spl.MessageBusImplTest tearDown
INFO: Tearing down testMicroService
]]></system-err>
  </testcase>
  <testcase name="testBroadcastWithoutSubscribers" classname="bgu.spl.MessageBusImplTest" time="0.015">
    <system-out><![CDATA[No subscribers found for the broadcast: bgu.spl.MessageBusImplTest$2TestBroadcast
]]></system-out>
    <system-err><![CDATA[Jan 01, 2025 5:22:01 PM bgu.spl.MessageBusImplTest setUp
INFO: Setting up MessageBus and registering testMicroService
Jan 01, 2025 5:22:01 PM bgu.spl.MessageBusImplTest testBroadcastWithoutSubscribers
INFO: Testing broadcast without subscribers
Jan 01, 2025 5:22:01 PM bgu.spl.MessageBusImplTest testBroadcastWithoutSubscribers
INFO: Broadcast sent successfully with no subscribers
Jan 01, 2025 5:22:01 PM bgu.spl.MessageBusImplTest tearDown
INFO: Tearing down testMicroService
]]></system-err>
  </testcase>
  <testcase name="testCompleteEvent" classname="bgu.spl.MessageBusImplTest" time="0.0">
    <system-err><![CDATA[Jan 01, 2025 5:22:01 PM bgu.spl.MessageBusImplTest setUp
INFO: Setting up MessageBus and registering testMicroService
Jan 01, 2025 5:22:01 PM bgu.spl.MessageBusImplTest testCompleteEvent
INFO: Testing complete functionality for events
Jan 01, 2025 5:22:01 PM bgu.spl.MessageBusImplTest testCompleteEvent
INFO: Future created for event: bgu.spl.MessageBusImplTest$3TestEvent@3d285d7e
Jan 01, 2025 5:22:01 PM bgu.spl.MessageBusImplTest testCompleteEvent
INFO: Completed event with result: Result
Jan 01, 2025 5:22:01 PM bgu.spl.MessageBusImplTest tearDown
INFO: Tearing down testMicroService
]]></system-err>
  </testcase>
  <testcase name="testSendEventToMultipleSubscribers" classname="bgu.spl.MessageBusImplTest" time="0.0">
    <system-err><![CDATA[Jan 01, 2025 5:22:01 PM bgu.spl.MessageBusImplTest setUp
INFO: Setting up MessageBus and registering testMicroService
Jan 01, 2025 5:22:01 PM bgu.spl.MessageBusImplTest testSendEventToMultipleSubscribers
INFO: Testing round-robin event distribution to multiple subscribers
Jan 01, 2025 5:22:01 PM bgu.spl.MessageBusImplTest testSendEventToMultipleSubscribers
INFO: Sent first event: bgu.spl.MessageBusImplTest$2TestEvent@ba2f4ec
Jan 01, 2025 5:22:01 PM bgu.spl.MessageBusImplTest testSendEventToMultipleSubscribers
INFO: Sent second event: bgu.spl.MessageBusImplTest$2TestEvent@1c1bbc4e
Jan 01, 2025 5:22:01 PM bgu.spl.MessageBusImplTest tearDown
INFO: Tearing down testMicroService
]]></system-err>
  </testcase>
</testsuite>